<?xml version="1.0" encoding="UTF-8"?>
<!-- Generated by org.testng.reporters.JUnitReportReporter -->
<testsuite skipped="0" hostname="LAPTOP-21DG8V1G" name="com.SPERunner.SPERunnerTest" tests="1" failures="0" timestamp="02 Jun 2021 07:53:09 GMT" time="62.918" errors="0">
  <testcase name="feature" time="62.918" classname="com.SPERunner.SPERunnerTest"/>
</testsuite> <!-- com.SPERunner.SPERunnerTest -->
