<?xml version="1.0" encoding="UTF-8"?>
<!-- Generated by org.testng.reporters.JUnitReportReporter -->
<testsuite skipped="0" hostname="LAPTOP-21DG8V1G" name="com.SPERunner.SPERunnerTest" tests="1" failures="0" timestamp="07 Jun 2021 00:56:02 GMT" time="48.253" errors="0">
  <testcase name="feature" time="48.253" classname="com.SPERunner.SPERunnerTest"/>
</testsuite> <!-- com.SPERunner.SPERunnerTest -->
