<?xml version="1.0" encoding="UTF-8"?>
<!-- Generated by org.testng.reporters.JUnitReportReporter -->
<testsuite skipped="0" hostname="LAPTOP-21DG8V1G" name="com.SPERunner.SPERunnerTest" tests="1" failures="0" timestamp="19 May 2021 05:21:12 GMT" time="46.292" errors="0">
  <testcase name="feature" time="46.292" classname="com.SPERunner.SPERunnerTest"/>
</testsuite> <!-- com.SPERunner.SPERunnerTest -->
